{"level":"info","message":"🚀 Starting NavIN Worker Service...","timestamp":"2025-10-24 05:19:12"}
{"level":"info","message":"Starting BackgroundJobProcessor...","timestamp":"2025-10-24 05:19:12"}
{"level":"info","message":"Database connected successfully","timestamp":"2025-10-24 05:19:12"}
{"code":"ECONNREFUSED","level":"error","message":"Worker error:","stack":"AggregateError [ECONNREFUSED]: \n    at internalConnectMultiple (node:net:1134:18)\n    at afterConnectMultiple (node:net:1715:7)","timestamp":"2025-10-24 05:19:12"}
{"code":"ECONNREFUSED","level":"error","message":"Worker error:","stack":"AggregateError [ECONNREFUSED]: \n    at internalConnectMultiple (node:net:1134:18)\n    at afterConnectMultiple (node:net:1715:7)","timestamp":"2025-10-24 05:19:12"}
{"code":"ECONNREFUSED","level":"error","message":"Redis client error:","stack":"AggregateError [ECONNREFUSED]: \n    at internalConnectMultiple (node:net:1134:18)\n    at afterConnectMultiple (node:net:1715:7)","timestamp":"2025-10-24 05:19:12"}
{"level":"warn","message":"Redis connection closed","timestamp":"2025-10-24 05:19:12"}
{"level":"info","message":"Redis client reconnecting...","timestamp":"2025-10-24 05:19:12"}
{"code":"ECONNREFUSED","level":"error","message":"Redis client error:","stack":"AggregateError [ECONNREFUSED]: \n    at internalConnectMultiple (node:net:1134:18)\n    at afterConnectMultiple (node:net:1715:7)","timestamp":"2025-10-24 05:19:12"}
{"level":"warn","message":"Redis connection closed","timestamp":"2025-10-24 05:19:12"}
{"level":"info","message":"Redis client reconnecting...","timestamp":"2025-10-24 05:19:12"}
{"code":"ECONNREFUSED","level":"error","message":"Redis client error:","stack":"AggregateError [ECONNREFUSED]: \n    at internalConnectMultiple (node:net:1134:18)\n    at afterConnectMultiple (node:net:1715:7)","timestamp":"2025-10-24 05:19:13"}
{"level":"warn","message":"Redis connection closed","timestamp":"2025-10-24 05:19:13"}
{"level":"info","message":"Redis client reconnecting...","timestamp":"2025-10-24 05:19:13"}
{"code":"ECONNREFUSED","level":"error","message":"Redis client error:","stack":"AggregateError [ECONNREFUSED]: \n    at internalConnectMultiple (node:net:1134:18)\n    at afterConnectMultiple (node:net:1715:7)","timestamp":"2025-10-24 05:19:13"}
{"level":"info","message":"🌱 Seeding jobs...","timestamp":"2025-10-24 05:29:25"}
{"level":"info","message":"🗑️  Cleared existing jobs","timestamp":"2025-10-24 05:29:25"}
{"level":"info","message":"✅ Created job: Frontend Developer at TechCorp Inc.","timestamp":"2025-10-24 05:29:25"}
{"level":"info","message":"✅ Created job: Backend Developer at DataFlow Systems","timestamp":"2025-10-24 05:29:25"}
{"level":"info","message":"✅ Created job: Full Stack Developer at StartupXYZ","timestamp":"2025-10-24 05:29:25"}
{"level":"info","message":"✅ Created job: DevOps Engineer at CloudTech Solutions","timestamp":"2025-10-24 05:29:25"}
{"level":"info","message":"✅ Created job: Mobile App Developer at MobileFirst","timestamp":"2025-10-24 05:29:25"}
{"level":"info","message":"🎉 Successfully seeded 5 jobs","timestamp":"2025-10-24 05:29:25"}
